Build started 2014/12/29 15:57:12.
     1>Project "L:\WDoc\Glory_Programming\JZEY_Practice\reg_related\enumreg_queryaccess\enumreg_queryaccess\enumreg_queryaccess\enumreg_queryaccess.vcxproj" on node 2 (Build target(s)).
     1>ClCompile:
         L:\VS2013\Microsoft Visual Studio 12.0\VC\bin\CL.exe /c /Zi /nologo /W3 /WX- /sdl /O2 /Oi /Oy- /GL /D WIN32 /D NDEBUG /D _WINDOWS /D _USRDLL /D ENUMREG_QUERYACCESS_EXPORTS /D _CRT_SECURE_NO_WARNINGS /D _CRT_NON_CONFORMING_SWPRINTFS /D _WINDLL /D _UNICODE /D UNICODE /Gm- /EHsc /MD /GS /Gy /fp:precise /Zc:wchar_t /Zc:forScope /Yc"stdafx.h" /Fp"Release\enumreg_queryaccess.pch" /Fo"Release\\" /Fd"Release\vc120.pdb" /Gd /TP /analyze- /errorReport:prompt stdafx.cpp
         stdafx.cpp
         L:\VS2013\Microsoft Visual Studio 12.0\VC\bin\CL.exe /c /Zi /nologo /W3 /WX- /sdl /O2 /Oi /Oy- /GL /D WIN32 /D NDEBUG /D _WINDOWS /D _USRDLL /D ENUMREG_QUERYACCESS_EXPORTS /D _CRT_SECURE_NO_WARNINGS /D _CRT_NON_CONFORMING_SWPRINTFS /D _WINDLL /D _UNICODE /D UNICODE /Gm- /EHsc /MD /GS /Gy /fp:precise /Zc:wchar_t /Zc:forScope /Fo"Release\\" /Fd"Release\vc120.pdb" /Gd /TP /analyze- /errorReport:prompt dllmain.cpp
         dllmain.cpp
     1>dllmain.cpp(32): warning C4101: 'achValue' : unreferenced local variable
         L:\VS2013\Microsoft Visual Studio 12.0\VC\bin\CL.exe /c /Zi /nologo /W3 /WX- /sdl /O2 /Oi /Oy- /GL /D WIN32 /D NDEBUG /D _WINDOWS /D _USRDLL /D ENUMREG_QUERYACCESS_EXPORTS /D _CRT_SECURE_NO_WARNINGS /D _CRT_NON_CONFORMING_SWPRINTFS /D _WINDLL /D _UNICODE /D UNICODE /Gm- /EHsc /MD /GS /Gy /fp:precise /Zc:wchar_t /Zc:forScope /Yu"stdafx.h" /Fp"Release\enumreg_queryaccess.pch" /Fo"Release\\" /Fd"Release\vc120.pdb" /Gd /TP /analyze- /errorReport:prompt enumreg_queryaccess.cpp
         enumreg_queryaccess.cpp
       Link:
         L:\VS2013\Microsoft Visual Studio 12.0\VC\bin\link.exe /ERRORREPORT:PROMPT /OUT:"L:\WDoc\Glory_Programming\JZEY_Practice\reg_related\enumreg_queryaccess\enumreg_queryaccess\Release\enumreg_queryaccess.dll" /INCREMENTAL:NO /NOLOGO kernel32.lib user32.lib gdi32.lib winspool.lib comdlg32.lib advapi32.lib shell32.lib ole32.lib oleaut32.lib uuid.lib odbc32.lib odbccp32.lib /MANIFEST /MANIFESTUAC:"level='asInvoker' uiAccess='false'" /manifest:embed /DEBUG /PDB:"L:\WDoc\Glory_Programming\JZEY_Practice\reg_related\enumreg_queryaccess\enumreg_queryaccess\Release\enumreg_queryaccess.pdb" /SUBSYSTEM:WINDOWS /OPT:REF /OPT:ICF /LTCG /TLBID:1 /DYNAMICBASE /NXCOMPAT /IMPLIB:"L:\WDoc\Glory_Programming\JZEY_Practice\reg_related\enumreg_queryaccess\enumreg_queryaccess\Release\enumreg_queryaccess.lib" /MACHINE:X86 /SAFESEH /DLL Release\dllmain.obj
         Release\enumreg_queryaccess.obj
         Release\stdafx.obj
         Generating code
         Finished generating code
         enumreg_queryaccess.vcxproj -> L:\WDoc\Glory_Programming\JZEY_Practice\reg_related\enumreg_queryaccess\enumreg_queryaccess\Release\enumreg_queryaccess.dll
     1>Done Building Project "L:\WDoc\Glory_Programming\JZEY_Practice\reg_related\enumreg_queryaccess\enumreg_queryaccess\enumreg_queryaccess\enumreg_queryaccess.vcxproj" (Build target(s)).

Build succeeded.

Time Elapsed 00:00:00.87
